make -k all 
libgen -hw ../hw_platform_0/system.xml\
	       \
	       -pe microblaze_0 \
	       -log libgen.log \
	       system.mss
libgen
Xilinx EDK 13.4 Build EDK_O.87xd
Copyright (c) 1995-2011 Xilinx, Inc.  All rights reserved.

Command Line: libgen -hw ../hw_platform_0/system.xml -pe microblaze_0 -log
libgen.log system.mss 

WARNING:EDK:411 - standalone -
   C:\sp605_bist\SDK\SDK_Workspace_35\sp605_bist_bsp_0\system.mss line 5 -
   deprecated os!

Staging source files.
Running DRCs.
Running generate.
Running post_generate.
Running include - 'make -s include "COMPILER=mb-gcc" "ARCHIVER=mb-ar"
"COMPILER_FLAGS=-mno-xl-soft-mul -mxl-pattern-compare -mcpu=v8.20.b  -O2 -c"
"EXTRA_COMPILER_FLAGS=-g"'.

Running libs - 'make -s libs "COMPILER=mb-gcc" "ARCHIVER=mb-ar"
"COMPILER_FLAGS=-mno-xl-soft-mul -mxl-pattern-compare -mcpu=v8.20.b  -O2 -c"
"EXTRA_COMPILER_FLAGS=-g"'.
"Compiling common"
"Compiling lldma"
"Compiling llfifo"
"Compiling standalone";
"Compiling xilfatfs";
"Compiling XilFlash Library:"
"Creating archive libxilflash.a"
"Compiling mpmc"
"Compiling gpio"
"Compiling uartlite"
"Compiling tft"
"Compiling tmrctr"
"Compiling iic"
"Compiling bram"
"Compiling intc"
"Compiling uartns550"
"Compiling spi"
"Compiling lltemac"
"Compiling sysace"
"Compiling cpu"
Running execs_generate.
'Finished building libraries'
